
2024-02-08 11:28:31 Anatomical Preprocessing and Surface Registration Pipeline
2024-02-08 11:28:31 ------------------------Running PreFreeSurferPipeline
Configuring model on the CPU
Running SynthStrip model version 1
Input image read from: /home/poolab/HeJieShi/l/ME11_new/T1w/T1w_acpc_dc_restore.nii.gz
Processing frame (of 1): 1 done
Masked image saved to: /home/poolab/HeJieShi/l/ME11_new/T1w/T1w_acpc_dc_restore_brain.nii.gz

If you use SynthStrip in your analysis, please cite:
----------------------------------------------------
SynthStrip: Skull-Stripping for Any Brain Image
A Hoopes, JS Mora, AV Dalca, B Fischl, M Hoffmann
NeuroImage 206 (2022), 119474
https://doi.org/10.1016/j.neuroimage.2022.119474 

Website: https://w3id.org/synthstrip

2024-02-08 12:29:44 ------------------------Running FreeSurferPipeline
Thu Feb  8 15:28:24 CST 2024:FreeSurferPipeline.sh: While running '/home/poolab/HeJieShi/HCPpipelines/FreeSurfer/FreeSurferPipeline.sh --subject=ME11_new --subjectDIR=/home/poolab/HeJieShi/l/ME11_new/T1w --t1=/home/poolab/HeJieShi/l/ME11_new/T1w/T1w_acpc_dc_restore.nii.gz --t1brain=/home/poolab/HeJieShi/l/ME11_new/T1w/T1w_acpc_dc_restore_brain.nii.gz --t2=/home/poolab/HeJieShi/l/ME11_new/T1w/T2w_acpc_dc_restore.nii.gz --processing-mode=HCPStyleData':
Thu Feb  8 15:28:24 CST 2024:FreeSurferPipeline.sh: ERROR: recon-all command failed with return_code: 1
2024-02-08 15:28:24 ------------------------Running PostFreeSurferPipeline
Image Exception : #63 :: No image files match: /home/poolab/HeJieShi/l/ME11_new/T1w/wmparc_1mm
terminate called after throwing an instance of 'std::runtime_error'
  what():  No image files match: /home/poolab/HeJieShi/l/ME11_new/T1w/wmparc_1mm
/home/poolab/HeJieShi/HCPpipelines/PostFreeSurfer/scripts/FreeSurfer2CaretConvertAndRegisterNonlinear.sh: line 181: 3045333 Aborted                 (core dumped) fslmaths "$T1wFolder"/wmparc_1mm.nii.gz -bin -dilD -dilD -dilD -ero -ero "$T1wFolder"/"$T1wImageBrainMask"_1mm.nii.gz
Thu Feb  8 15:28:25 CST 2024:FreeSurfer2CaretConvertAndRegisterNonlinear.sh: While running '/home/poolab/HeJieShi/HCPpipelines/PostFreeSurfer/scripts/FreeSurfer2CaretConvertAndRegisterNonlinear.sh /home/poolab/HeJieShi/l ME11_new /home/poolab/HeJieShi/l/ME11_new/T1w /home/poolab/HeJieShi/l/ME11_new/MNINonLinear Native /home/poolab/HeJieShi/l/ME11_new/T1w/ME11_new T1w_acpc_dc_restore_1mm T1w_acpc_dc_restore T2w_acpc_dc_restore /home/poolab/HeJieShi/HCPpipelines/global/templates/standard_mesh_atlases 164 32 /home/poolab/HeJieShi/l/ME11_new/MNINonLinear/xfms/acpc_dc2standard /home/poolab/HeJieShi/l/ME11_new/MNINonLinear/xfms/standard2acpc_dc T1w_restore T2w_restore brainmask_fs /home/poolab/HeJieShi/HCPpipelines/global/config/FreeSurferAllLut.txt /home/poolab/HeJieShi/HCPpipelines/global/templates/91282_Greyordinates 2 /home/poolab/HeJieShi/HCPpipelines/global/config/FreeSurferSubcorticalLabelTableLut.txt MSMSulc 1':
Thu Feb  8 15:28:25 CST 2024:FreeSurfer2CaretConvertAndRegisterNonlinear.sh: ERROR: 'fslmaths' command failed with return code: 134
Thu Feb  8 15:28:25 CST 2024:PostFreeSurferPipeline.sh: While running '/home/poolab/HeJieShi/HCPpipelines/PostFreeSurfer/PostFreeSurferPipeline.sh --path=/home/poolab/HeJieShi/l --subject=ME11_new --surfatlasdir=/home/poolab/HeJieShi/HCPpipelines/global/templates/standard_mesh_atlases --grayordinatesdir=/home/poolab/HeJieShi/HCPpipelines/global/templates/91282_Greyordinates --grayordinatesres=2 --hiresmesh=164 --lowresmesh=32 --subcortgraylabels=/home/poolab/HeJieShi/HCPpipelines/global/config/FreeSurferSubcorticalLabelTableLut.txt --freesurferlabels=/home/poolab/HeJieShi/HCPpipelines/global/config/FreeSurferAllLut.txt --refmyelinmaps=/home/poolab/HeJieShi/HCPpipelines/global/templates/standard_mesh_atlases/Conte69.MyelinMap_BC.164k_fs_LR.dscalar.nii --regname=MSMSulc --processing-mode=HCPStyleData':
Thu Feb  8 15:28:25 CST 2024:PostFreeSurferPipeline.sh: ERROR: '/home/poolab/HeJieShi/HCPpipelines/PostFreeSurfer/scripts/FreeSurfer2CaretConvertAndRegisterNonlinear.sh' command failed with return code: 134
2024-02-08 15:28:25 ------------------------Running done
